[debug] [2025-05-04T13:31:21.236Z] ----------------------------------------------------------------------
[debug] [2025-05-04T13:31:21.238Z] Command:       C:\Program Files\nodejs\node.exe C:\Users\OLEK\AppData\Roaming\npm\node_modules\firebase-tools\lib\bin\firebase.js deploy
[debug] [2025-05-04T13:31:21.239Z] CLI Version:   13.29.1
[debug] [2025-05-04T13:31:21.239Z] Platform:      win32
[debug] [2025-05-04T13:31:21.239Z] Node Version:  v21.0.0
[debug] [2025-05-04T13:31:21.239Z] Time:          Sun May 04 2025 14:31:21 GMT+0100 (British Summer Time)
[debug] [2025-05-04T13:31:21.239Z] ----------------------------------------------------------------------
[debug] 
[debug] [2025-05-04T13:31:21.242Z] >>> [apiv2][query] GET https://firebase-public.firebaseio.com/cli.json [none]
[debug] [2025-05-04T13:31:21.325Z] > command requires scopes: ["email","openid","https://www.googleapis.com/auth/cloudplatformprojects.readonly","https://www.googleapis.com/auth/firebase","https://www.googleapis.com/auth/cloud-platform"]
[debug] [2025-05-04T13:31:21.325Z] > authorizing via signed-in user (olekbukbeast@gmail.com)
[debug] [2025-05-04T13:31:21.325Z] [iam] checking project hallpass-7b5bd for permissions ["firebase.projects.get","firebasehosting.sites.update"]
[debug] [2025-05-04T13:31:21.326Z] Checked if tokens are valid: false, expires at: 1734553958631
[debug] [2025-05-04T13:31:21.326Z] Checked if tokens are valid: false, expires at: 1734553958631
[debug] [2025-05-04T13:31:21.326Z] > refreshing access token with scopes: []
[debug] [2025-05-04T13:31:21.327Z] >>> [apiv2][query] POST https://www.googleapis.com/oauth2/v3/token [none]
[debug] [2025-05-04T13:31:21.327Z] >>> [apiv2][body] POST https://www.googleapis.com/oauth2/v3/token [omitted]
[debug] [2025-05-04T13:31:21.507Z] <<< [apiv2][status] POST https://www.googleapis.com/oauth2/v3/token 200
[debug] [2025-05-04T13:31:21.507Z] <<< [apiv2][body] POST https://www.googleapis.com/oauth2/v3/token [omitted]
[debug] [2025-05-04T13:31:21.512Z] >>> [apiv2][query] POST https://cloudresourcemanager.googleapis.com/v1/projects/hallpass-7b5bd:testIamPermissions [none]
[debug] [2025-05-04T13:31:21.512Z] >>> [apiv2][(partial)header] POST https://cloudresourcemanager.googleapis.com/v1/projects/hallpass-7b5bd:testIamPermissions x-goog-quota-user=projects/hallpass-7b5bd
[debug] [2025-05-04T13:31:21.512Z] >>> [apiv2][body] POST https://cloudresourcemanager.googleapis.com/v1/projects/hallpass-7b5bd:testIamPermissions {"permissions":["firebase.projects.get","firebasehosting.sites.update"]}
[debug] [2025-05-04T13:31:21.771Z] <<< [apiv2][status] GET https://firebase-public.firebaseio.com/cli.json 200
[debug] [2025-05-04T13:31:21.771Z] <<< [apiv2][body] GET https://firebase-public.firebaseio.com/cli.json {"cloudBuildErrorAfter":1594252800000,"cloudBuildWarnAfter":1590019200000,"defaultNode10After":1594252800000,"minVersion":"3.0.5","node8DeploysDisabledAfter":1613390400000,"node8RuntimeDisabledAfter":1615809600000,"node8WarnAfter":1600128000000}
[debug] [2025-05-04T13:31:21.848Z] <<< [apiv2][status] POST https://cloudresourcemanager.googleapis.com/v1/projects/hallpass-7b5bd:testIamPermissions 200
[debug] [2025-05-04T13:31:21.848Z] <<< [apiv2][body] POST https://cloudresourcemanager.googleapis.com/v1/projects/hallpass-7b5bd:testIamPermissions {}
[debug] [2025-05-04T13:31:21.848Z] [iam] error while checking permissions, command may fail: Authorization failed. This account is missing the following required permissions on project hallpass-7b5bd:

  firebase.projects.get
  firebasehosting.sites.update
[debug] [2025-05-04T13:31:21.849Z] Checked if tokens are valid: true, expires at: 1746369080507
[debug] [2025-05-04T13:31:21.849Z] Checked if tokens are valid: true, expires at: 1746369080507
[debug] [2025-05-04T13:31:21.849Z] >>> [apiv2][query] GET https://firebase.googleapis.com/v1beta1/projects/hallpass-7b5bd [none]
[debug] [2025-05-04T13:31:22.250Z] <<< [apiv2][status] GET https://firebase.googleapis.com/v1beta1/projects/hallpass-7b5bd 403
[debug] [2025-05-04T13:31:22.250Z] <<< [apiv2][body] GET https://firebase.googleapis.com/v1beta1/projects/hallpass-7b5bd {"error":{"code":403,"message":"The caller does not have permission","status":"PERMISSION_DENIED"}}
[debug] [2025-05-04T13:31:22.251Z] Request to https://firebase.googleapis.com/v1beta1/projects/hallpass-7b5bd had HTTP Error: 403, The caller does not have permission
[debug] [2025-05-04T13:31:22.257Z] FirebaseError: Request to https://firebase.googleapis.com/v1beta1/projects/hallpass-7b5bd had HTTP Error: 403, The caller does not have permission
    at responseToError (C:\Users\OLEK\AppData\Roaming\npm\node_modules\firebase-tools\lib\responseToError.js:52:12)
    at RetryOperation._fn (C:\Users\OLEK\AppData\Roaming\npm\node_modules\firebase-tools\lib\apiv2.js:312:77)
    at process.processTicksAndRejections (node:internal/process/task_queues:95:5)
[error] 
[error] Error: Failed to get Firebase project hallpass-7b5bd. Please make sure the project exists and your account has permission to access it.
[debug] [2025-05-04T17:24:35.696Z] ----------------------------------------------------------------------
[debug] [2025-05-04T17:24:35.698Z] Command:       C:\Program Files\nodejs\node.exe C:\Users\OLEK\AppData\Roaming\npm\node_modules\firebase-tools\lib\bin\firebase.js deploy
[debug] [2025-05-04T17:24:35.699Z] CLI Version:   13.29.1
[debug] [2025-05-04T17:24:35.699Z] Platform:      win32
[debug] [2025-05-04T17:24:35.699Z] Node Version:  v21.0.0
[debug] [2025-05-04T17:24:35.699Z] Time:          Sun May 04 2025 18:24:35 GMT+0100 (British Summer Time)
[debug] [2025-05-04T17:24:35.699Z] ----------------------------------------------------------------------
[debug] 
[debug] [2025-05-04T17:24:35.752Z] > command requires scopes: ["email","openid","https://www.googleapis.com/auth/cloudplatformprojects.readonly","https://www.googleapis.com/auth/firebase","https://www.googleapis.com/auth/cloud-platform"]
[debug] [2025-05-04T17:24:35.753Z] > authorizing via signed-in user (olekbukbeast@gmail.com)
[debug] [2025-05-04T17:24:35.753Z] [iam] checking project hallpass-7b5bd for permissions ["firebase.projects.get","firebasehosting.sites.update"]
[debug] [2025-05-04T17:24:35.754Z] Checked if tokens are valid: false, expires at: 1746369080507
[debug] [2025-05-04T17:24:35.754Z] Checked if tokens are valid: false, expires at: 1746369080507
[debug] [2025-05-04T17:24:35.754Z] > refreshing access token with scopes: []
[debug] [2025-05-04T17:24:35.755Z] >>> [apiv2][query] POST https://www.googleapis.com/oauth2/v3/token [none]
[debug] [2025-05-04T17:24:35.755Z] >>> [apiv2][body] POST https://www.googleapis.com/oauth2/v3/token [omitted]
[debug] [2025-05-04T17:24:35.930Z] <<< [apiv2][status] POST https://www.googleapis.com/oauth2/v3/token 200
[debug] [2025-05-04T17:24:35.930Z] <<< [apiv2][body] POST https://www.googleapis.com/oauth2/v3/token [omitted]
[debug] [2025-05-04T17:24:35.935Z] >>> [apiv2][query] POST https://cloudresourcemanager.googleapis.com/v1/projects/hallpass-7b5bd:testIamPermissions [none]
[debug] [2025-05-04T17:24:35.935Z] >>> [apiv2][(partial)header] POST https://cloudresourcemanager.googleapis.com/v1/projects/hallpass-7b5bd:testIamPermissions x-goog-quota-user=projects/hallpass-7b5bd
[debug] [2025-05-04T17:24:35.935Z] >>> [apiv2][body] POST https://cloudresourcemanager.googleapis.com/v1/projects/hallpass-7b5bd:testIamPermissions {"permissions":["firebase.projects.get","firebasehosting.sites.update"]}
[debug] [2025-05-04T17:24:36.285Z] <<< [apiv2][status] POST https://cloudresourcemanager.googleapis.com/v1/projects/hallpass-7b5bd:testIamPermissions 200
[debug] [2025-05-04T17:24:36.285Z] <<< [apiv2][body] POST https://cloudresourcemanager.googleapis.com/v1/projects/hallpass-7b5bd:testIamPermissions {}
[debug] [2025-05-04T17:24:36.286Z] [iam] error while checking permissions, command may fail: Authorization failed. This account is missing the following required permissions on project hallpass-7b5bd:

  firebase.projects.get
  firebasehosting.sites.update
[debug] [2025-05-04T17:24:36.286Z] Checked if tokens are valid: true, expires at: 1746383074931
[debug] [2025-05-04T17:24:36.286Z] Checked if tokens are valid: true, expires at: 1746383074931
[debug] [2025-05-04T17:24:36.286Z] >>> [apiv2][query] GET https://firebase.googleapis.com/v1beta1/projects/hallpass-7b5bd [none]
[debug] [2025-05-04T17:24:36.695Z] <<< [apiv2][status] GET https://firebase.googleapis.com/v1beta1/projects/hallpass-7b5bd 403
[debug] [2025-05-04T17:24:36.695Z] <<< [apiv2][body] GET https://firebase.googleapis.com/v1beta1/projects/hallpass-7b5bd {"error":{"code":403,"message":"The caller does not have permission","status":"PERMISSION_DENIED"}}
[debug] [2025-05-04T17:24:36.696Z] Request to https://firebase.googleapis.com/v1beta1/projects/hallpass-7b5bd had HTTP Error: 403, The caller does not have permission
[debug] [2025-05-04T17:24:36.699Z] FirebaseError: Request to https://firebase.googleapis.com/v1beta1/projects/hallpass-7b5bd had HTTP Error: 403, The caller does not have permission
    at responseToError (C:\Users\OLEK\AppData\Roaming\npm\node_modules\firebase-tools\lib\responseToError.js:52:12)
    at RetryOperation._fn (C:\Users\OLEK\AppData\Roaming\npm\node_modules\firebase-tools\lib\apiv2.js:312:77)
    at process.processTicksAndRejections (node:internal/process/task_queues:95:5)
[error] 
[error] Error: Failed to get Firebase project hallpass-7b5bd. Please make sure the project exists and your account has permission to access it.
[debug] [2025-05-04T17:25:04.947Z] ----------------------------------------------------------------------
[debug] [2025-05-04T17:25:04.950Z] Command:       C:\Program Files\nodejs\node.exe C:\Users\OLEK\AppData\Roaming\npm\node_modules\firebase-tools\lib\bin\firebase.js deploy
[debug] [2025-05-04T17:25:04.950Z] CLI Version:   13.29.1
[debug] [2025-05-04T17:25:04.950Z] Platform:      win32
[debug] [2025-05-04T17:25:04.950Z] Node Version:  v21.0.0
[debug] [2025-05-04T17:25:04.950Z] Time:          Sun May 04 2025 18:25:04 GMT+0100 (British Summer Time)
[debug] [2025-05-04T17:25:04.951Z] ----------------------------------------------------------------------
[debug] 
[debug] [2025-05-04T17:25:05.004Z] > command requires scopes: ["email","openid","https://www.googleapis.com/auth/cloudplatformprojects.readonly","https://www.googleapis.com/auth/firebase","https://www.googleapis.com/auth/cloud-platform"]
[debug] [2025-05-04T17:25:05.004Z] > authorizing via signed-in user (olekbukbeast@gmail.com)
[debug] [2025-05-04T17:25:05.004Z] [iam] checking project hallpass-7b5bd for permissions ["firebase.projects.get","firebasehosting.sites.update"]
[debug] [2025-05-04T17:25:05.005Z] Checked if tokens are valid: true, expires at: 1746383074931
[debug] [2025-05-04T17:25:05.005Z] Checked if tokens are valid: true, expires at: 1746383074931
[debug] [2025-05-04T17:25:05.006Z] >>> [apiv2][query] POST https://cloudresourcemanager.googleapis.com/v1/projects/hallpass-7b5bd:testIamPermissions [none]
[debug] [2025-05-04T17:25:05.006Z] >>> [apiv2][(partial)header] POST https://cloudresourcemanager.googleapis.com/v1/projects/hallpass-7b5bd:testIamPermissions x-goog-quota-user=projects/hallpass-7b5bd
[debug] [2025-05-04T17:25:05.006Z] >>> [apiv2][body] POST https://cloudresourcemanager.googleapis.com/v1/projects/hallpass-7b5bd:testIamPermissions {"permissions":["firebase.projects.get","firebasehosting.sites.update"]}
[debug] [2025-05-04T17:25:05.396Z] <<< [apiv2][status] POST https://cloudresourcemanager.googleapis.com/v1/projects/hallpass-7b5bd:testIamPermissions 200
[debug] [2025-05-04T17:25:05.396Z] <<< [apiv2][body] POST https://cloudresourcemanager.googleapis.com/v1/projects/hallpass-7b5bd:testIamPermissions {}
[debug] [2025-05-04T17:25:05.396Z] [iam] error while checking permissions, command may fail: Authorization failed. This account is missing the following required permissions on project hallpass-7b5bd:

  firebase.projects.get
  firebasehosting.sites.update
[debug] [2025-05-04T17:25:05.396Z] Checked if tokens are valid: true, expires at: 1746383074931
[debug] [2025-05-04T17:25:05.396Z] Checked if tokens are valid: true, expires at: 1746383074931
[debug] [2025-05-04T17:25:05.397Z] >>> [apiv2][query] GET https://firebase.googleapis.com/v1beta1/projects/hallpass-7b5bd [none]
[debug] [2025-05-04T17:25:05.786Z] <<< [apiv2][status] GET https://firebase.googleapis.com/v1beta1/projects/hallpass-7b5bd 403
[debug] [2025-05-04T17:25:05.786Z] <<< [apiv2][body] GET https://firebase.googleapis.com/v1beta1/projects/hallpass-7b5bd {"error":{"code":403,"message":"The caller does not have permission","status":"PERMISSION_DENIED"}}
[debug] [2025-05-04T17:25:05.787Z] Request to https://firebase.googleapis.com/v1beta1/projects/hallpass-7b5bd had HTTP Error: 403, The caller does not have permission
[debug] [2025-05-04T17:25:05.790Z] FirebaseError: Request to https://firebase.googleapis.com/v1beta1/projects/hallpass-7b5bd had HTTP Error: 403, The caller does not have permission
    at responseToError (C:\Users\OLEK\AppData\Roaming\npm\node_modules\firebase-tools\lib\responseToError.js:52:12)
    at RetryOperation._fn (C:\Users\OLEK\AppData\Roaming\npm\node_modules\firebase-tools\lib\apiv2.js:312:77)
    at process.processTicksAndRejections (node:internal/process/task_queues:95:5)
[error] 
[error] Error: Failed to get Firebase project hallpass-7b5bd. Please make sure the project exists and your account has permission to access it.
